0 info it worked if it ends with ok
1 verbose cli [ 'D:\\nodejs\\\\node.exe',
1 verbose cli   'D:\\nodejs\\node_modules\\npm\\bin\\npm-cli.js',
1 verbose cli   'search',
1 verbose cli   'yeoman-generator' ]
2 info using npm@2.11.3
3 info using node@v0.12.7
4 silly mapToRegistry name -/all
5 silly mapToRegistry using default registry
6 silly mapToRegistry registry https://registry.npm.taobao.org/
7 silly mapToRegistry uri https://registry.npm.taobao.org/-/all
8 info updateIndex C:\Users\asus\AppData\Roaming\npm-cache\registry.npm.taobao.org\-\all\.cache.json
9 warn Building the local index for the first time, please be patient
10 silly update-index fetching https://registry.npm.taobao.org/-/all
11 verbose request uri https://registry.npm.taobao.org/-/all
12 verbose request no auth needed
13 info attempt registry request try #1 at 13:35:01
14 verbose request id 83a84a1558155e0d
15 http request GET https://registry.npm.taobao.org/-/all
16 http 200 https://registry.npm.taobao.org/-/all
17 verbose headers { server: 'nginx/1.1.19',
17 verbose headers   date: 'Mon, 07 Sep 2015 05:36:21 GMT',
17 verbose headers   'content-type': 'application/json; charset=utf-8',
17 verbose headers   'transfer-encoding': 'chunked',
17 verbose headers   connection: 'keep-alive',
17 verbose headers   etag: '"3b2e83-k+QHHS09I6U0Ft6OLFcKhw"',
17 verbose headers   'x-readtime': '1732',
17 verbose headers   'content-encoding': 'gzip' }
18 verbose stack Error: true true: -/all
18 verbose stack     at CachingRegistryClient.<anonymous> (D:\nodejs\node_modules\npm\node_modules\npm-registry-client\lib\request.js:247:14)
18 verbose stack     at D:\nodejs\node_modules\npm\node_modules\npm-registry-client\lib\request.js:176:7
18 verbose stack     at Gunzip.onEnd (zlib.js:227:5)
18 verbose stack     at Gunzip.emit (events.js:129:20)
18 verbose stack     at _stream_readable.js:908:16
18 verbose stack     at process._tickCallback (node.js:355:11)
19 verbose statusCode 200
20 verbose cwd D:\php\web\scaffold\generator-page
21 error Windows_NT 6.1.7601
22 error argv "D:\\nodejs\\\\node.exe" "D:\\nodejs\\node_modules\\npm\\bin\\npm-cli.js" "search" "yeoman-generator"
23 error node v0.12.7
24 error npm  v2.11.3
25 error code E200
26 error true true: -/all
27 error If you need help, you may report this error at:
27 error     <https://github.com/npm/npm/issues>
28 verbose exit [ 1, true ]
